<?xml version="1.0" encoding="UTF-8"?>
<!-- Generated by org.testng.reporters.JUnitXMLReporter -->
<testsuite ignored="27" hostname="LAPTOP-RORK2UUF" failures="3" tests="21" name="Regression Tests" time="430.16" errors="0" timestamp="2024-12-19T23:16:54 IST">
  <testcase classname="testcases.InventoryPageTest" name="verifyAboutMenuLinkTest" time="14.534"/>
  <testcase classname="testcases.InventoryPageTest" name="verifyBackPackTextTest" time="0.04"/>
  <testcase classname="testcases.InventoryPageTest" name="verifyBackPackThumbnailImgTest" time="0.302"/>
  <testcase classname="testcases.InventoryPageTest" name="verifyBackpackLinkTest" time="0.304"/>
  <testcase classname="testcases.InventoryPageTest" name="verifyBikeLightLinkTest" time="0.275"/>
  <testcase classname="testcases.InventoryPageTest" name="verifyBoltTshirtLinkTest" time="0.303"/>
  <testcase classname="testcases.InventoryPageTest" name="verifyDropdownTest" time="5.5"/>
  <testcase classname="testcases.InventoryPageTest" name="verifyFleeceJacketTest" time="0.294"/>
  <testcase classname="testcases.InventoryPageTest" name="verifyFleeceJacketThumbnailImgTest" time="0.283"/>
  <testcase classname="testcases.InventoryPageTest" name="verifyMenuCrossButtonTest" time="2.619"/>
  <testcase classname="testcases.InventoryPageTest" name="verifyTwitterLogoTest" time="0.058"/>
  <testcase classname="testcases.InventoryPageTest" name="verifyResetAppStateTest" time="3.156">
    <failure type="java.lang.AssertionError" message="Testcase failed as remove button is still displayed expected [true] but found [false]">
      <![CDATA[java.lang.AssertionError: Testcase failed as remove button is still displayed expected [true] but found [false]
at testcases.InventoryPageTest.verifyResetAppStateTest(InventoryPageTest.java:197)
at java.base/java.util.ArrayList.forEach(ArrayList.java:1511)
... Removed 33 stack frames]]>
    </failure>
  </testcase> <!-- verifyResetAppStateTest -->
  <testcase classname="testcases.InventoryPageTest" name="verifylogoutLinkTest" time="0.63"/>
  <testcase classname="testcases.CartPageTest" name="verifyBackpacklinkTest" time="0.784"/>
  <testcase classname="testcases.CartPageTest" name="verifyBikeLightLink" time="1.048"/>
  <testcase classname="testcases.CartPageTest" name="verifyContinueShoppingBtnTest" time="0.54"/>
  <testcase classname="testcases.CartPageTest" name="verifyOrderPriceTest" time="1.41"/>
  <testcase classname="testcases.BackPackProductPageTest" name="verifyBackPackPgAddCartButtonTest" time="5.666">
    <failure type="org.openqa.selenium.TimeoutException" message="Expected condition failed: waiting for element to no longer be visible: By.xpath: //span[@class=&amp;apos;shopping_cart_badge&amp;apos;] (tried for 5 second(s) with 500 milliseconds interval)
Build info: version: &amp;apos;4.8.3&amp;apos;, revision: &amp;apos;e5e76298c3&amp;apos;
System info: os.name: &amp;apos;Windows 11&amp;apos;, os.arch: &amp;apos;amd64&amp;apos;, os.version: &amp;apos;10.0&amp;apos;, java.version: &amp;apos;17.0.10&amp;apos;
Driver info: org.openqa.selenium.firefox.FirefoxDriver
Capabilities {acceptInsecureCerts: true, browserName: firefox, browserVersion: 115.0.2, moz:accessibilityChecks: false, moz:buildID: 20230710165010, moz:debuggerAddress: 127.0.0.1:12064, moz:geckodriverVersion: 0.35.0, moz:headless: false, moz:platformVersion: 10.0, moz:processID: 23840, moz:profile: C:\Users\Hp\AppData\Local\T..., moz:shutdownTimeout: 60000, moz:useNonSpecCompliantPointerOrigin: false, moz:webdriverClick: true, moz:windowless: false, pageLoadStrategy: normal, platformName: WINDOWS, proxy: Proxy(), se:cdp: ws://127.0.0.1:12064/devtoo..., se:cdpVersion: 85.0, setWindowRect: true, strictFileInteractability: false, timeouts: {implicit: 0, pageLoad: 300000, script: 30000}, unhandledPromptBehavior: dismiss and notify}
Session ID: 296f3763-f23e-44d1-ad60-6e1c8303a09a">
      <![CDATA[org.openqa.selenium.TimeoutException: Expected condition failed: waiting for element to no longer be visible: By.xpath: //span[@class='shopping_cart_badge'] (tried for 5 second(s) with 500 milliseconds interval)
Build info: version: '4.8.3', revision: 'e5e76298c3'
System info: os.name: 'Windows 11', os.arch: 'amd64', os.version: '10.0', java.version: '17.0.10'
Driver info: org.openqa.selenium.firefox.FirefoxDriver
Capabilities {acceptInsecureCerts: true, browserName: firefox, browserVersion: 115.0.2, moz:accessibilityChecks: false, moz:buildID: 20230710165010, moz:debuggerAddress: 127.0.0.1:12064, moz:geckodriverVersion: 0.35.0, moz:headless: false, moz:platformVersion: 10.0, moz:processID: 23840, moz:profile: C:\Users\Hp\AppData\Local\T..., moz:shutdownTimeout: 60000, moz:useNonSpecCompliantPointerOrigin: false, moz:webdriverClick: true, moz:windowless: false, pageLoadStrategy: normal, platformName: WINDOWS, proxy: Proxy(), se:cdp: ws://127.0.0.1:12064/devtoo..., se:cdpVersion: 85.0, setWindowRect: true, strictFileInteractability: false, timeouts: {implicit: 0, pageLoad: 300000, script: 30000}, unhandledPromptBehavior: dismiss and notify}
Session ID: 296f3763-f23e-44d1-ad60-6e1c8303a09a
at org.openqa.selenium.support.ui.WebDriverWait.timeoutException(WebDriverWait.java:87)
at org.openqa.selenium.support.ui.FluentWait.until(FluentWait.java:231)
at pages.BackPackProdPage.verifyBackPackPgAddCartButton(BackPackProdPage.java:66)
at testcases.BackPackProductPageTest.verifyBackPackPgAddCartButtonTest(BackPackProductPageTest.java:67)
at java.base/java.util.ArrayList.forEach(ArrayList.java:1511)
... Removed 27 stack frames]]>
    </failure>
  </testcase> <!-- verifyBackPackPgAddCartButtonTest -->
  <testcase classname="testcases.BackPackProductPageTest" name="verifyBackPackPgRemoveButtonTest" time="8.664">
    <failure type="org.openqa.selenium.TimeoutException" message="Expected condition failed: waiting for visibility of Proxy element for: DefaultElementLocator &amp;apos;By.xpath: //button[@id=&amp;apos;remove&amp;apos;]&amp;apos; (tried for 5 second(s) with 500 milliseconds interval)">
      <![CDATA[org.openqa.selenium.TimeoutException: Expected condition failed: waiting for visibility of Proxy element for: DefaultElementLocator 'By.xpath: //button[@id='remove']' (tried for 5 second(s) with 500 milliseconds interval)
at org.openqa.selenium.support.ui.WebDriverWait.timeoutException(WebDriverWait.java:87)
at org.openqa.selenium.support.ui.FluentWait.until(FluentWait.java:231)
at pages.BackPackProdPage.verifyBackPackPgRemoveButton(BackPackProdPage.java:81)
at testcases.BackPackProductPageTest.verifyBackPackPgRemoveButtonTest(BackPackProductPageTest.java:74)
at java.base/java.util.ArrayList.forEach(ArrayList.java:1511)
Caused by: org.openqa.selenium.NoSuchElementException: Unable to locate element: //button[@id='remove']
For documentation on this error, please visit: https://selenium.dev/exceptions/#no_such_element
Build info: version: '4.8.3', revision: 'e5e76298c3'
System info: os.name: 'Windows 11', os.arch: 'amd64', os.version: '10.0', java.version: '17.0.10'
Driver info: org.openqa.selenium.firefox.FirefoxDriver
Command: [09a0bb78-3ecd-4508-b079-5a74e6cae52d, findElement {using=xpath, value=//button[@id='remove']}]
Capabilities {acceptInsecureCerts: true, browserName: firefox, browserVersion: 115.0.2, moz:accessibilityChecks: false, moz:buildID: 20230710165010, moz:debuggerAddress: 127.0.0.1:25317, moz:geckodriverVersion: 0.35.0, moz:headless: false, moz:platformVersion: 10.0, moz:processID: 21068, moz:profile: C:\Users\Hp\AppData\Local\T..., moz:shutdownTimeout: 60000, moz:useNonSpecCompliantPointerOrigin: false, moz:webdriverClick: true, moz:windowless: false, pageLoadStrategy: normal, platformName: WINDOWS, proxy: Proxy(), se:cdp: ws://127.0.0.1:25317/devtoo..., se:cdpVersion: 85.0, setWindowRect: true, strictFileInteractability: false, timeouts: {implicit: 0, pageLoad: 300000, script: 30000}, unhandledPromptBehavior: dismiss and notify}
Session ID: 09a0bb78-3ecd-4508-b079-5a74e6cae52d
at org.openqa.selenium.remote.codec.w3c.W3CHttpResponseCodec.createException(W3CHttpResponseCodec.java:200)
at org.openqa.selenium.remote.codec.w3c.W3CHttpResponseCodec.decode(W3CHttpResponseCodec.java:133)
at org.openqa.selenium.remote.codec.w3c.W3CHttpResponseCodec.decode(W3CHttpResponseCodec.java:53)
at org.openqa.selenium.remote.HttpCommandExecutor.execute(HttpCommandExecutor.java:193)
at org.openqa.selenium.remote.service.DriverCommandExecutor.invokeExecute(DriverCommandExecutor.java:183)
at org.openqa.selenium.remote.service.DriverCommandExecutor.execute(DriverCommandExecutor.java:158)
at org.openqa.selenium.remote.RemoteWebDriver.execute(RemoteWebDriver.java:543)
at org.openqa.selenium.remote.ElementLocation$ElementFinder$2.findElement(ElementLocation.java:162)
at org.openqa.selenium.remote.ElementLocation.findElement(ElementLocation.java:60)
at org.openqa.selenium.remote.RemoteWebDriver.findElement(RemoteWebDriver.java:352)
at org.openqa.selenium.remote.RemoteWebDriver.findElement(RemoteWebDriver.java:344)
at org.openqa.selenium.support.pagefactory.DefaultElementLocator.findElement(DefaultElementLocator.java:70)
at org.openqa.selenium.support.pagefactory.internal.LocatingElementHandler.invoke(LocatingElementHandler.java:39)
at jdk.proxy2/jdk.proxy2.$Proxy18.isDisplayed(Unknown Source)
at org.openqa.selenium.support.ui.ExpectedConditions.elementIfVisible(ExpectedConditions.java:307)
at org.openqa.selenium.support.ui.ExpectedConditions.access$000(ExpectedConditions.java:40)
at org.openqa.selenium.support.ui.ExpectedConditions$10.apply(ExpectedConditions.java:293)
at org.openqa.selenium.support.ui.ExpectedConditions$10.apply(ExpectedConditions.java:290)
at org.openqa.selenium.support.ui.FluentWait.until(FluentWait.java:208)
... 30 more
... Removed 32 stack frames]]>
    </failure>
  </testcase> <!-- verifyBackPackPgRemoveButtonTest -->
  <testcase classname="testcases.BackPackProductPageTest" name="verifyBackToProductsButtonTest" time="0.319"/>
  <testcase classname="testcases.BackPackProductPageTest" name="verifyBackPackThumbnailImgTest" time="0.03"/>
  <testcase classname="testcases.InventoryPageTest" name="verifyLinkedInLogoTest" time="0.0">
    <ignored/>
  </testcase> <!-- verifyLinkedInLogoTest -->
  <testcase classname="testcases.CheckoutPageTest" name="verifyTotalPriceTest" time="0.0">
    <ignored/>
  </testcase> <!-- verifyTotalPriceTest -->
  <testcase classname="testcases.InventoryPageTest" name="verifyFleeceJacketTextTest" time="0.0">
    <ignored/>
  </testcase> <!-- verifyFleeceJacketTextTest -->
  <testcase classname="testcases.InventoryPageTest" name="verifyBackPackPriceTest" time="0.0">
    <ignored/>
  </testcase> <!-- verifyBackPackPriceTest -->
  <testcase classname="testcases.InventoryPageTest" name="verifyFacebookLogoTest" time="0.0">
    <ignored/>
  </testcase> <!-- verifyFacebookLogoTest -->
  <testcase classname="testcases.LoginPageTest" name="verifyTitleTest" time="0.0">
    <ignored/>
  </testcase> <!-- verifyTitleTest -->
  <testcase classname="testcases.InventoryPageTest" name="verifyBikeLightThumbnailImgTest" time="0.0">
    <ignored/>
  </testcase> <!-- verifyBikeLightThumbnailImgTest -->
  <testcase classname="testcases.LoginPageTest" name="verifyLoginMultiCredsTestExcel" time="0.0">
    <ignored/>
  </testcase> <!-- verifyLoginMultiCredsTestExcel -->
  <testcase classname="testcases.LoginPageTest" name="verifyLoginMultiCredsTest" time="0.0">
    <ignored/>
  </testcase> <!-- verifyLoginMultiCredsTest -->
  <testcase classname="testcases.CheckoutPageTest" name="verifyEnterFirstnameTest" time="0.0">
    <ignored/>
  </testcase> <!-- verifyEnterFirstnameTest -->
  <testcase classname="testcases.InventoryPageTest" name="verifyBoltTshirtTextTest" time="0.0">
    <ignored/>
  </testcase> <!-- verifyBoltTshirtTextTest -->
  <testcase classname="testcases.BackPackProductPageTest" name="verifyBackPackPriceTest" time="0.0">
    <ignored/>
  </testcase> <!-- verifyBackPackPriceTest -->
  <testcase classname="testcases.InventoryPageTest" name="verifyMouseMovementTest" time="0.0">
    <ignored/>
  </testcase> <!-- verifyMouseMovementTest -->
  <testcase classname="testcases.BackPackProductPageTest" name="verifyBackPackDetailsTest" time="0.0">
    <ignored/>
  </testcase> <!-- verifyBackPackDetailsTest -->
  <testcase classname="testcases.CheckoutPageTest" name="verifyCancelBtnTest" time="0.0">
    <ignored/>
  </testcase> <!-- verifyCancelBtnTest -->
  <testcase classname="testcases.CheckoutPageTest" name="verifyFinishButtonTest" time="0.0">
    <ignored/>
  </testcase> <!-- verifyFinishButtonTest -->
  <testcase classname="testcases.InventoryPageTest" name="verifyFleeceJacketPriceTest" time="0.0">
    <ignored/>
  </testcase> <!-- verifyFleeceJacketPriceTest -->
  <testcase classname="testcases.InventoryPageTest" name="verifyBikeLightTextTest" time="0.0">
    <ignored/>
  </testcase> <!-- verifyBikeLightTextTest -->
  <testcase classname="testcases.InventoryPageTest" name="verifyBoltTshirtThumbnailImgTest" time="0.0">
    <ignored/>
  </testcase> <!-- verifyBoltTshirtThumbnailImgTest -->
  <testcase classname="testcases.InventoryPageTest" name="verifyFooterText" time="0.0">
    <ignored/>
  </testcase> <!-- verifyFooterText -->
  <testcase classname="testcases.LoginPageTest" name="verifyUrlTest" time="0.0">
    <ignored/>
  </testcase> <!-- verifyUrlTest -->
  <testcase classname="testcases.InventoryPageTest" name="verifyBikeLightPriceTest" time="0.0">
    <ignored/>
  </testcase> <!-- verifyBikeLightPriceTest -->
  <testcase classname="testcases.BackPackProductPageTest" name="verifyBackPackTitleTest" time="0.0">
    <ignored/>
  </testcase> <!-- verifyBackPackTitleTest -->
  <testcase classname="testcases.LoginPageTest" name="verifyLoginToApplicationTest" time="0.0">
    <ignored/>
  </testcase> <!-- verifyLoginToApplicationTest -->
  <testcase classname="testcases.CheckoutPageTest" name="verifyErrorMessageTest" time="0.0">
    <ignored/>
  </testcase> <!-- verifyErrorMessageTest -->
  <testcase classname="testcases.InventoryPageTest" name="verifyBoltTshirtPriceTest" time="0.0">
    <ignored/>
  </testcase> <!-- verifyBoltTshirtPriceTest -->
  <testcase classname="testcases.CheckoutPageTest" name="verifyEnterLastnameTest" time="0.0">
    <ignored/>
  </testcase> <!-- verifyEnterLastnameTest -->
</testsuite> <!-- Regression Tests -->
