<?xml version="1.0" encoding="UTF-8"?>
<!-- Generated by org.testng.reporters.JUnitXMLReporter -->
<testsuite ignored="1" hostname="LAPTOP-RORK2UUF" failures="1" tests="24" name="Default test" time="185.176" errors="0" timestamp="2024-08-23T00:09:53 IST">
  <testcase classname="testcases.InventoryPageTest" name="verifyAboutMenuLinkTest" time="5.738"/>
  <testcase classname="testcases.InventoryPageTest" name="verifyFooterText" time="0.066"/>
  <testcase classname="testcases.InventoryPageTest" name="verifyResetAppStateTest" time="2.313">
    <failure type="java.lang.AssertionError" message="Testcase failed as remove button is still displayed expected [true] but found [false]">
      <![CDATA[java.lang.AssertionError: Testcase failed as remove button is still displayed expected [true] but found [false]
at org.testng.Assert.fail(Assert.java:110)
at org.testng.Assert.failNotEquals(Assert.java:1577)
at org.testng.Assert.assertEqualsImpl(Assert.java:149)
at org.testng.Assert.assertEquals(Assert.java:131)
at org.testng.Assert.assertEquals(Assert.java:1066)
at org.testng.Assert.assertEquals(Assert.java:1054)
at testcases.InventoryPageTest.verifyResetAppStateTest(InventoryPageTest.java:191)
at java.base/jdk.internal.reflect.NativeMethodAccessorImpl.invoke0(Native Method)
at java.base/jdk.internal.reflect.NativeMethodAccessorImpl.invoke(NativeMethodAccessorImpl.java:77)
at java.base/jdk.internal.reflect.DelegatingMethodAccessorImpl.invoke(DelegatingMethodAccessorImpl.java:43)
at java.base/java.lang.reflect.Method.invoke(Method.java:568)
at org.testng.internal.invokers.MethodInvocationHelper.invokeMethod(MethodInvocationHelper.java:139)
at org.testng.internal.invokers.TestInvoker.invokeMethod(TestInvoker.java:677)
at org.testng.internal.invokers.TestInvoker.invokeTestMethod(TestInvoker.java:221)
at org.testng.internal.invokers.MethodRunner.runInSequence(MethodRunner.java:50)
at org.testng.internal.invokers.TestInvoker$MethodInvocationAgent.invoke(TestInvoker.java:969)
at org.testng.internal.invokers.TestInvoker.invokeTestMethods(TestInvoker.java:194)
at org.testng.internal.invokers.TestMethodWorker.invokeTestMethods(TestMethodWorker.java:148)
at org.testng.internal.invokers.TestMethodWorker.run(TestMethodWorker.java:128)
at java.base/java.util.ArrayList.forEach(ArrayList.java:1511)
at org.testng.TestRunner.privateRun(TestRunner.java:829)
at org.testng.TestRunner.run(TestRunner.java:602)
at org.testng.SuiteRunner.runTest(SuiteRunner.java:437)
at org.testng.SuiteRunner.runSequentially(SuiteRunner.java:431)
at org.testng.SuiteRunner.privateRun(SuiteRunner.java:391)
at org.testng.SuiteRunner.run(SuiteRunner.java:330)
at org.testng.SuiteRunnerWorker.runSuite(SuiteRunnerWorker.java:52)
at org.testng.SuiteRunnerWorker.run(SuiteRunnerWorker.java:95)
at org.testng.TestNG.runSuitesSequentially(TestNG.java:1256)
at org.testng.TestNG.runSuitesLocally(TestNG.java:1176)
at org.testng.TestNG.runSuites(TestNG.java:1099)
at org.testng.TestNG.run(TestNG.java:1067)
at org.testng.remote.AbstractRemoteTestNG.run(AbstractRemoteTestNG.java:115)
at org.testng.remote.RemoteTestNG.initAndRun(RemoteTestNG.java:251)
at org.testng.remote.RemoteTestNG.main(RemoteTestNG.java:77)
]]>
    </failure>
  </testcase> <!-- verifyResetAppStateTest -->
  <testcase classname="testcases.InventoryPageTest" name="verifylogoutLinkTest" time="0.927"/>
  <testcase classname="testcases.InventoryPageTest" name="verifyBackPackPriceTest" time="0.095"/>
  <testcase classname="testcases.InventoryPageTest" name="verifyBackPackTextTest" time="0.094"/>
  <testcase classname="testcases.InventoryPageTest" name="verifyBackPackThumbnailImgTest" time="0.177"/>
  <testcase classname="testcases.InventoryPageTest" name="verifyBackpackLinkTest" time="0.245"/>
  <testcase classname="testcases.InventoryPageTest" name="verifyBikeLightLinkTest" time="0.205"/>
  <testcase classname="testcases.InventoryPageTest" name="verifyBikeLightPriceTest" time="0.075"/>
  <testcase classname="testcases.InventoryPageTest" name="verifyBikeLightTextTest" time="0.073"/>
  <testcase classname="testcases.InventoryPageTest" name="verifyBikeLightThumbnailImgTest" time="0.217"/>
  <testcase classname="testcases.InventoryPageTest" name="verifyBoltTshirtLinkTest" time="0.191"/>
  <testcase classname="testcases.InventoryPageTest" name="verifyBoltTshirtPriceTest" time="0.083"/>
  <testcase classname="testcases.InventoryPageTest" name="verifyBoltTshirtTextTest" time="0.076"/>
  <testcase classname="testcases.InventoryPageTest" name="verifyBoltTshirtThumbnailImgTest" time="0.233"/>
  <testcase classname="testcases.InventoryPageTest" name="verifyDropdownTest" time="5.43"/>
  <testcase classname="testcases.InventoryPageTest" name="verifyFacebookLogoTest" time="0.079"/>
  <testcase classname="testcases.InventoryPageTest" name="verifyFleeceJacketPriceTest" time="0.083"/>
  <testcase classname="testcases.InventoryPageTest" name="verifyFleeceJacketTest" time="0.199"/>
  <testcase classname="testcases.InventoryPageTest" name="verifyFleeceJacketTextTest" time="0.086"/>
  <testcase classname="testcases.InventoryPageTest" name="verifyFleeceJacketThumbnailImgTest" time="0.207"/>
  <testcase classname="testcases.InventoryPageTest" name="verifyLinkedInLogoTest" time="0.081"/>
  <testcase classname="testcases.InventoryPageTest" name="verifyTwitterLogoTest" time="0.059"/>
  <testcase classname="testcases.InventoryPageTest" name="verifyMouseMovementTest" time="0.0">
    <ignored/>
  </testcase> <!-- verifyMouseMovementTest -->
</testsuite> <!-- Default test -->
