<?xml version="1.0" encoding="UTF-8"?>
<!-- Generated by org.testng.reporters.JUnitXMLReporter -->
<testsuite ignored="0" hostname="LAPTOP-RORK2UUF" failures="2" tests="22" name="Test" time="166.191" errors="0" timestamp="2024-08-15T22:53:29 IST">
  <testcase classname="testcases.InventoryPageTest" name="verifyAddToCartBackPackProductTest" time="2.209"/>
  <testcase classname="testcases.InventoryPageTest" name="verifyAddToCartBadgeCountTest" time="0.182"/>
  <testcase classname="testcases.InventoryPageTest" name="verifyBackPackTextTest" time="0.077"/>
  <testcase classname="testcases.InventoryPageTest" name="verifyBackPackThumbnailImgTest" time="0.213"/>
  <testcase classname="testcases.InventoryPageTest" name="verifyBackpackLinkTest" time="0.277"/>
  <testcase classname="testcases.InventoryPageTest" name="verifyBikeLightLinkTest" time="0.298"/>
  <testcase classname="testcases.InventoryPageTest" name="verifyBikeLightTextTest" time="0.103"/>
  <testcase classname="testcases.InventoryPageTest" name="verifyBikeLightThumbnailImgTest" time="0.241"/>
  <testcase classname="testcases.InventoryPageTest" name="verifyDropdownTest" time="5.601"/>
  <testcase classname="testcases.InventoryPageTest" name="verifyFacebookLogoTest" time="0.113"/>
  <testcase classname="testcases.InventoryPageTest" name="verifyLinkedInLogoTest" time="0.128"/>
  <testcase classname="testcases.InventoryPageTest" name="verifyRemoveBackPackProductTest" time="4.341">
    <failure type="org.openqa.selenium.NoSuchElementException" message="no such element: Unable to locate element: {&amp;quot;method&amp;quot;:&amp;quot;xpath&amp;quot;,&amp;quot;selector&amp;quot;:&amp;quot;//span[@class=&amp;apos;shopping_cart_badge&amp;apos;]&amp;quot;}
  (Session info: chrome=127.0.6533.119)
For documentation on this error, please visit: https://selenium.dev/exceptions/#no_such_element
Build info: version: &amp;apos;4.8.3&amp;apos;, revision: &amp;apos;e5e76298c3&amp;apos;
System info: os.name: &amp;apos;Windows 11&amp;apos;, os.arch: &amp;apos;amd64&amp;apos;, os.version: &amp;apos;10.0&amp;apos;, java.version: &amp;apos;17.0.10&amp;apos;
Driver info: org.openqa.selenium.chrome.ChromeDriver
Command: [208b19bb99cba95aa171e89b6fc7fd04, findElement {using=xpath, value=//span[@class=&amp;apos;shopping_cart_badge&amp;apos;]}]
Capabilities {acceptInsecureCerts: false, browserName: chrome, browserVersion: 127.0.6533.119, chrome: {chromedriverVersion: 127.0.6533.119 (bdef6783a05..., userDataDir: C:\Users\Hp\AppData\Local\T...}, fedcm:accounts: true, goog:chromeOptions: {debuggerAddress: localhost:55735}, networkConnectionEnabled: false, pageLoadStrategy: normal, platformName: WINDOWS, proxy: Proxy(), se:cdp: ws://localhost:55735/devtoo..., se:cdpVersion: 127.0.6533.119, setWindowRect: true, strictFileInteractability: false, timeouts: {implicit: 0, pageLoad: 300000, script: 30000}, unhandledPromptBehavior: dismiss and notify, webauthn:extension:credBlob: true, webauthn:extension:largeBlob: true, webauthn:extension:minPinLength: true, webauthn:extension:prf: true, webauthn:virtualAuthenticators: true}
Session ID: 208b19bb99cba95aa171e89b6fc7fd04">
      <![CDATA[org.openqa.selenium.NoSuchElementException: no such element: Unable to locate element: {"method":"xpath","selector":"//span[@class='shopping_cart_badge']"}
  (Session info: chrome=127.0.6533.119)
For documentation on this error, please visit: https://selenium.dev/exceptions/#no_such_element
Build info: version: '4.8.3', revision: 'e5e76298c3'
System info: os.name: 'Windows 11', os.arch: 'amd64', os.version: '10.0', java.version: '17.0.10'
Driver info: org.openqa.selenium.chrome.ChromeDriver
Command: [208b19bb99cba95aa171e89b6fc7fd04, findElement {using=xpath, value=//span[@class='shopping_cart_badge']}]
Capabilities {acceptInsecureCerts: false, browserName: chrome, browserVersion: 127.0.6533.119, chrome: {chromedriverVersion: 127.0.6533.119 (bdef6783a05..., userDataDir: C:\Users\Hp\AppData\Local\T...}, fedcm:accounts: true, goog:chromeOptions: {debuggerAddress: localhost:55735}, networkConnectionEnabled: false, pageLoadStrategy: normal, platformName: WINDOWS, proxy: Proxy(), se:cdp: ws://localhost:55735/devtoo..., se:cdpVersion: 127.0.6533.119, setWindowRect: true, strictFileInteractability: false, timeouts: {implicit: 0, pageLoad: 300000, script: 30000}, unhandledPromptBehavior: dismiss and notify, webauthn:extension:credBlob: true, webauthn:extension:largeBlob: true, webauthn:extension:minPinLength: true, webauthn:extension:prf: true, webauthn:virtualAuthenticators: true}
Session ID: 208b19bb99cba95aa171e89b6fc7fd04
at org.openqa.selenium.remote.codec.w3c.W3CHttpResponseCodec.createException(W3CHttpResponseCodec.java:200)
at org.openqa.selenium.remote.codec.w3c.W3CHttpResponseCodec.decode(W3CHttpResponseCodec.java:133)
at org.openqa.selenium.remote.codec.w3c.W3CHttpResponseCodec.decode(W3CHttpResponseCodec.java:53)
at org.openqa.selenium.remote.HttpCommandExecutor.execute(HttpCommandExecutor.java:193)
at org.openqa.selenium.remote.service.DriverCommandExecutor.invokeExecute(DriverCommandExecutor.java:183)
at org.openqa.selenium.remote.service.DriverCommandExecutor.execute(DriverCommandExecutor.java:158)
at org.openqa.selenium.remote.RemoteWebDriver.execute(RemoteWebDriver.java:543)
at org.openqa.selenium.remote.ElementLocation$ElementFinder$2.findElement(ElementLocation.java:162)
at org.openqa.selenium.remote.ElementLocation.findElement(ElementLocation.java:60)
at org.openqa.selenium.remote.RemoteWebDriver.findElement(RemoteWebDriver.java:352)
at org.openqa.selenium.remote.RemoteWebDriver.findElement(RemoteWebDriver.java:344)
at org.openqa.selenium.support.pagefactory.DefaultElementLocator.findElement(DefaultElementLocator.java:70)
at org.openqa.selenium.support.pagefactory.internal.LocatingElementHandler.invoke(LocatingElementHandler.java:39)
at jdk.proxy2/jdk.proxy2.$Proxy17.isDisplayed(Unknown Source)
at pages.InventoryPage.verifyRemoveCartBackPackProduct(InventoryPage.java:135)
at testcases.InventoryPageTest.verifyRemoveBackPackProductTest(InventoryPageTest.java:68)
at java.base/java.util.ArrayList.forEach(ArrayList.java:1511)
... Removed 32 stack frames]]>
    </failure>
  </testcase> <!-- verifyRemoveBackPackProductTest -->
  <testcase classname="testcases.InventoryPageTest" name="verifyTwitterLogoTest" time="0.15"/>
  <testcase classname="testcases.LoginPageTest" name="loginWithMultiCreds" time="2.672"/>
  <testcase classname="testcases.LoginPageTest" name="loginWithMultiCreds" time="2.786">
    <failure type="java.lang.AssertionError" message="The following asserts failed:
	expected [https://www.saucedemo.com/] but found [https://www.saucedemo.com/inventory.html]">
      <![CDATA[java.lang.AssertionError: The following asserts failed:
expected [https://www.saucedemo.com/] but found [https://www.saucedemo.com/inventory.html]
at testcases.LoginPageTest.loginWithMultiCreds(LoginPageTest.java:76)
at java.base/java.util.ArrayList.forEach(ArrayList.java:1511)
... Removed 29 stack frames]]>
    </failure>
  </testcase> <!-- loginWithMultiCreds -->
  <testcase classname="testcases.LoginPageTest" name="loginWithMultiCreds" time="2.663"/>
  <testcase classname="testcases.LoginPageTest" name="loginWithMultiCreds" time="7.754"/>
  <testcase classname="testcases.LoginPageTest" name="loginWithMultiCreds" time="2.683"/>
  <testcase classname="testcases.LoginPageTest" name="loginWithMultiCreds" time="2.727"/>
  <testcase classname="testcases.LoginPageTest" name="verifyTitleTest" time="0.011"/>
  <testcase classname="testcases.LoginPageTest" name="verifyUrlTest" time="0.012"/>
  <testcase classname="testcases.LoginPageTest" name="verifyLoginToApplicationTest" time="0.799"/>
</testsuite> <!-- Test -->
