<?xml version="1.0" encoding="UTF-8"?>
<!-- Generated by org.testng.reporters.JUnitXMLReporter -->
<testsuite ignored="16" hostname="LAPTOP-RORK2UUF" failures="1" tests="15" name="Regression Tests" time="285.215" errors="0" timestamp="2024-12-18T23:05:20 IST">
  <testcase classname="testcases.LoginPageTest" name="verifyTitleTest" time="0.021"/>
  <testcase classname="testcases.LoginPageTest" name="verifyUrlTest" time="0.008"/>
  <testcase classname="testcases.LoginPageTest" name="verifyLoginToApplicationTest" time="0.568"/>
  <testcase classname="testcases.InventoryPageTest" name="verifyBackPackPriceTest" time="0.066"/>
  <testcase classname="testcases.InventoryPageTest" name="verifyBackPackTextTest" time="0.064"/>
  <testcase classname="testcases.InventoryPageTest" name="verifyBackPackThumbnailImgTest" time="0.282"/>
  <testcase classname="testcases.InventoryPageTest" name="verifyBackpackLinkTest" time="0.262"/>
  <testcase classname="testcases.InventoryPageTest" name="verifyBikeLightLinkTest" time="0.288"/>
  <testcase classname="testcases.InventoryPageTest" name="verifyBoltTshirtLinkTest" time="0.289"/>
  <testcase classname="testcases.InventoryPageTest" name="verifyDropdownTest" time="5.536"/>
  <testcase classname="testcases.InventoryPageTest" name="verifyFleeceJacketTest" time="0.269"/>
  <testcase classname="testcases.InventoryPageTest" name="verifyMenuCrossButtonTest" time="2.609"/>
  <testcase classname="testcases.InventoryPageTest" name="verifyTwitterLogoTest" time="0.067"/>
  <testcase classname="testcases.InventoryPageTest" name="verifyResetAppStateTest" time="3.154">
    <failure type="java.lang.AssertionError" message="Testcase failed as remove button is still displayed expected [true] but found [false]">
      <![CDATA[java.lang.AssertionError: Testcase failed as remove button is still displayed expected [true] but found [false]
at testcases.InventoryPageTest.verifyResetAppStateTest(InventoryPageTest.java:199)
at java.base/java.util.ArrayList.forEach(ArrayList.java:1511)
... Removed 33 stack frames]]>
    </failure>
  </testcase> <!-- verifyResetAppStateTest -->
  <testcase classname="testcases.InventoryPageTest" name="verifylogoutLinkTest" time="0.583"/>
  <testcase classname="testcases.InventoryPageTest" name="verifyFleeceJacketPriceTest" time="0.0">
    <ignored/>
  </testcase> <!-- verifyFleeceJacketPriceTest -->
  <testcase classname="testcases.InventoryPageTest" name="verifyBikeLightTextTest" time="0.0">
    <ignored/>
  </testcase> <!-- verifyBikeLightTextTest -->
  <testcase classname="testcases.InventoryPageTest" name="verifyAboutMenuLinkTest" time="0.0">
    <ignored/>
  </testcase> <!-- verifyAboutMenuLinkTest -->
  <testcase classname="testcases.InventoryPageTest" name="verifyBoltTshirtTextTest" time="0.0">
    <ignored/>
  </testcase> <!-- verifyBoltTshirtTextTest -->
  <testcase classname="testcases.InventoryPageTest" name="verifyBikeLightThumbnailImgTest" time="0.0">
    <ignored/>
  </testcase> <!-- verifyBikeLightThumbnailImgTest -->
  <testcase classname="testcases.InventoryPageTest" name="verifyFleeceJacketThumbnailImgTest" time="0.0">
    <ignored/>
  </testcase> <!-- verifyFleeceJacketThumbnailImgTest -->
  <testcase classname="testcases.InventoryPageTest" name="verifyMouseMovementTest" time="0.0">
    <ignored/>
  </testcase> <!-- verifyMouseMovementTest -->
  <testcase classname="testcases.InventoryPageTest" name="verifyBoltTshirtPriceTest" time="0.0">
    <ignored/>
  </testcase> <!-- verifyBoltTshirtPriceTest -->
  <testcase classname="testcases.InventoryPageTest" name="verifyFleeceJacketTextTest" time="0.0">
    <ignored/>
  </testcase> <!-- verifyFleeceJacketTextTest -->
  <testcase classname="testcases.LoginPageTest" name="verifyLoginMultiCredsTestExcel" time="0.0">
    <ignored/>
  </testcase> <!-- verifyLoginMultiCredsTestExcel -->
  <testcase classname="testcases.LoginPageTest" name="verifyLoginMultiCredsTest" time="0.0">
    <ignored/>
  </testcase> <!-- verifyLoginMultiCredsTest -->
  <testcase classname="testcases.InventoryPageTest" name="verifyFacebookLogoTest" time="0.0">
    <ignored/>
  </testcase> <!-- verifyFacebookLogoTest -->
  <testcase classname="testcases.InventoryPageTest" name="verifyBoltTshirtThumbnailImgTest" time="0.0">
    <ignored/>
  </testcase> <!-- verifyBoltTshirtThumbnailImgTest -->
  <testcase classname="testcases.InventoryPageTest" name="verifyLinkedInLogoTest" time="0.0">
    <ignored/>
  </testcase> <!-- verifyLinkedInLogoTest -->
  <testcase classname="testcases.InventoryPageTest" name="verifyFooterText" time="0.0">
    <ignored/>
  </testcase> <!-- verifyFooterText -->
  <testcase classname="testcases.InventoryPageTest" name="verifyBikeLightPriceTest" time="0.0">
    <ignored/>
  </testcase> <!-- verifyBikeLightPriceTest -->
</testsuite> <!-- Regression Tests -->
