<!DOCTYPE html PUBLIC "-//W3C//DTD XHTML 1.1//EN" "https://www.w3.org/TR/xhtml11/DTD/xhtml11.dtd">
<html xmlns="https://www.w3.org/1999/xhtml">
<head>
<meta http-equiv="content-type" content="text/html; charset=UTF-8"/>
<title>TestNG Report</title>
<style type="text/css">table {margin-bottom:10px;border-collapse:collapse;empty-cells:show}th,td {border:1px solid #009;padding:.25em .5em}th {vertical-align:bottom}td {vertical-align:top}table a {font-weight:bold}.stripe td {background-color: #E6EBF9}.num {text-align:right}.passedodd td {background-color: #3F3}.passedeven td {background-color: #0A0}.skippedodd td {background-color: #DDD}.skippedeven td {background-color: #CCC}.failedodd td,.attn {background-color: #F33}.failedeven td,.stripe .attn {background-color: #D00}.stacktrace {white-space:pre;font-family:monospace}.totop {font-size:85%;text-align:center;border-bottom:2px solid #000}.invisible {display:none}</style>
</head>
<body>
<table>
<tr><th>Test</th><th># Passed</th><th># Skipped</th><th># Retried</th><th># Failed</th><th>Time (ms)</th><th>Included Groups</th><th>Excluded Groups</th></tr>
<tr><th colspan="8">Swaglabs_Suite</th></tr>
<tr><td><a href="#t0">Regression Tests</a></td><td class="num">18</td><td class="num">0</td><td class="num">0</td><td class="num attn">3</td><td class="num">430,160</td><td>Sanity, Regression</td><td></td></tr>
</table>
<table id='summary'><thead><tr><th>Class</th><th>Method</th><th>Start</th><th>Time (ms)</th></tr></thead><tbody><tr><th colspan="4">Swaglabs_Suite</th></tr></tbody><tbody id="t0"><tr><th colspan="4">Regression Tests &#8212; failed</th></tr><tr class="failedeven"><td rowspan="2">testcases.BackPackProductPageTest</td><td><a href="#m0">verifyBackPackPgAddCartButtonTest</a></td><td rowspan="1">1734630343496</td><td rowspan="1">5666</td></tr><tr class="failedeven"><td><a href="#m1">verifyBackPackPgRemoveButtonTest</a></td><td rowspan="1">1734630365913</td><td rowspan="1">8664</td></tr><tr class="failedodd"><td rowspan="1">testcases.InventoryPageTest</td><td><a href="#m2">verifyResetAppStateTest</a></td><td rowspan="1">1734630224568</td><td rowspan="1">3156</td></tr><tr><th colspan="4">Regression Tests &#8212; passed</th></tr><tr class="passedeven"><td rowspan="2">testcases.BackPackProductPageTest</td><td><a href="#m3">verifyBackPackThumbnailImgTest</a></td><td rowspan="1">1734630413254</td><td rowspan="1">30</td></tr><tr class="passedeven"><td><a href="#m4">verifyBackToProductsButtonTest</a></td><td rowspan="1">1734630393810</td><td rowspan="1">319</td></tr><tr class="passedodd"><td rowspan="4">testcases.CartPageTest</td><td><a href="#m5">verifyBackpacklinkTest</a></td><td rowspan="1">1734630266176</td><td rowspan="1">784</td></tr><tr class="passedodd"><td><a href="#m6">verifyBikeLightLink</a></td><td rowspan="1">1734630285442</td><td rowspan="1">1048</td></tr><tr class="passedodd"><td><a href="#m7">verifyContinueShoppingBtnTest</a></td><td rowspan="1">1734630303899</td><td rowspan="1">540</td></tr><tr class="passedodd"><td><a href="#m8">verifyOrderPriceTest</a></td><td rowspan="1">1734630323343</td><td rowspan="1">1410</td></tr><tr class="passedeven"><td rowspan="12">testcases.InventoryPageTest</td><td><a href="#m9">verifyAboutMenuLinkTest</a></td><td rowspan="1">1734630002600</td><td rowspan="1">14534</td></tr><tr class="passedeven"><td><a href="#m10">verifyBackPackTextTest</a></td><td rowspan="1">1734630034412</td><td rowspan="1">40</td></tr><tr class="passedeven"><td><a href="#m11">verifyBackPackThumbnailImgTest</a></td><td rowspan="1">1734630052711</td><td rowspan="1">302</td></tr><tr class="passedeven"><td><a href="#m12">verifyBackpackLinkTest</a></td><td rowspan="1">1734630069313</td><td rowspan="1">304</td></tr><tr class="passedeven"><td><a href="#m13">verifyBikeLightLinkTest</a></td><td rowspan="1">1734630086984</td><td rowspan="1">275</td></tr><tr class="passedeven"><td><a href="#m14">verifyBoltTshirtLinkTest</a></td><td rowspan="1">1734630105478</td><td rowspan="1">303</td></tr><tr class="passedeven"><td><a href="#m15">verifyDropdownTest</a></td><td rowspan="1">1734630125434</td><td rowspan="1">5500</td></tr><tr class="passedeven"><td><a href="#m16">verifyFleeceJacketTest</a></td><td rowspan="1">1734630149288</td><td rowspan="1">294</td></tr><tr class="passedeven"><td><a href="#m17">verifyFleeceJacketThumbnailImgTest</a></td><td rowspan="1">1734630167774</td><td rowspan="1">283</td></tr><tr class="passedeven"><td><a href="#m18">verifyMenuCrossButtonTest</a></td><td rowspan="1">1734630185310</td><td rowspan="1">2619</td></tr><tr class="passedeven"><td><a href="#m19">verifyTwitterLogoTest</a></td><td rowspan="1">1734630206231</td><td rowspan="1">58</td></tr><tr class="passedeven"><td><a href="#m20">verifylogoutLinkTest</a></td><td rowspan="1">1734630247954</td><td rowspan="1">630</td></tr></tbody>
</table>
<h2>Regression Tests</h2><h3 id="m0">testcases.BackPackProductPageTest#verifyBackPackPgAddCartButtonTest</h3><table class="result"><tr><th>Exception</th></tr><tr><td><div class="stacktrace">org.openqa.selenium.TimeoutException: Expected condition failed: waiting for element to no longer be visible: By.xpath: //span[@class=&apos;shopping_cart_badge&apos;] (tried for 5 second(s) with 500 milliseconds interval)
Build info: version: &apos;4.8.3&apos;, revision: &apos;e5e76298c3&apos;
System info: os.name: &apos;Windows 11&apos;, os.arch: &apos;amd64&apos;, os.version: &apos;10.0&apos;, java.version: &apos;17.0.10&apos;
Driver info: org.openqa.selenium.firefox.FirefoxDriver
Capabilities {acceptInsecureCerts: true, browserName: firefox, browserVersion: 115.0.2, moz:accessibilityChecks: false, moz:buildID: 20230710165010, moz:debuggerAddress: 127.0.0.1:12064, moz:geckodriverVersion: 0.35.0, moz:headless: false, moz:platformVersion: 10.0, moz:processID: 23840, moz:profile: C:\Users\Hp\AppData\Local\T..., moz:shutdownTimeout: 60000, moz:useNonSpecCompliantPointerOrigin: false, moz:webdriverClick: true, moz:windowless: false, pageLoadStrategy: normal, platformName: WINDOWS, proxy: Proxy(), se:cdp: ws://127.0.0.1:12064/devtoo..., se:cdpVersion: 85.0, setWindowRect: true, strictFileInteractability: false, timeouts: {implicit: 0, pageLoad: 300000, script: 30000}, unhandledPromptBehavior: dismiss and notify}
Session ID: 296f3763-f23e-44d1-ad60-6e1c8303a09a
	at org.openqa.selenium.support.ui.WebDriverWait.timeoutException(WebDriverWait.java:87)
	at org.openqa.selenium.support.ui.FluentWait.until(FluentWait.java:231)
	at pages.BackPackProdPage.verifyBackPackPgAddCartButton(BackPackProdPage.java:66)
	at testcases.BackPackProductPageTest.verifyBackPackPgAddCartButtonTest(BackPackProductPageTest.java:67)
	at java.base/java.util.ArrayList.forEach(ArrayList.java:1511)
... Removed 27 stack frames</div></td></tr></table><p class="totop"><a href="#summary">back to summary</a></p>
<h3 id="m1">testcases.BackPackProductPageTest#verifyBackPackPgRemoveButtonTest</h3><table class="result"><tr><th>Exception</th></tr><tr><td><div class="stacktrace">org.openqa.selenium.TimeoutException: Expected condition failed: waiting for visibility of Proxy element for: DefaultElementLocator &apos;By.xpath: //button[@id=&apos;remove&apos;]&apos; (tried for 5 second(s) with 500 milliseconds interval)
	at org.openqa.selenium.support.ui.WebDriverWait.timeoutException(WebDriverWait.java:87)
	at org.openqa.selenium.support.ui.FluentWait.until(FluentWait.java:231)
	at pages.BackPackProdPage.verifyBackPackPgRemoveButton(BackPackProdPage.java:81)
	at testcases.BackPackProductPageTest.verifyBackPackPgRemoveButtonTest(BackPackProductPageTest.java:74)
	at java.base/java.util.ArrayList.forEach(ArrayList.java:1511)
Caused by: org.openqa.selenium.NoSuchElementException: Unable to locate element: //button[@id=&apos;remove&apos;]
For documentation on this error, please visit: https://selenium.dev/exceptions/#no_such_element
Build info: version: &apos;4.8.3&apos;, revision: &apos;e5e76298c3&apos;
System info: os.name: &apos;Windows 11&apos;, os.arch: &apos;amd64&apos;, os.version: &apos;10.0&apos;, java.version: &apos;17.0.10&apos;
Driver info: org.openqa.selenium.firefox.FirefoxDriver
Command: [09a0bb78-3ecd-4508-b079-5a74e6cae52d, findElement {using=xpath, value=//button[@id=&apos;remove&apos;]}]
Capabilities {acceptInsecureCerts: true, browserName: firefox, browserVersion: 115.0.2, moz:accessibilityChecks: false, moz:buildID: 20230710165010, moz:debuggerAddress: 127.0.0.1:25317, moz:geckodriverVersion: 0.35.0, moz:headless: false, moz:platformVersion: 10.0, moz:processID: 21068, moz:profile: C:\Users\Hp\AppData\Local\T..., moz:shutdownTimeout: 60000, moz:useNonSpecCompliantPointerOrigin: false, moz:webdriverClick: true, moz:windowless: false, pageLoadStrategy: normal, platformName: WINDOWS, proxy: Proxy(), se:cdp: ws://127.0.0.1:25317/devtoo..., se:cdpVersion: 85.0, setWindowRect: true, strictFileInteractability: false, timeouts: {implicit: 0, pageLoad: 300000, script: 30000}, unhandledPromptBehavior: dismiss and notify}
Session ID: 09a0bb78-3ecd-4508-b079-5a74e6cae52d
	at org.openqa.selenium.remote.codec.w3c.W3CHttpResponseCodec.createException(W3CHttpResponseCodec.java:200)
	at org.openqa.selenium.remote.codec.w3c.W3CHttpResponseCodec.decode(W3CHttpResponseCodec.java:133)
	at org.openqa.selenium.remote.codec.w3c.W3CHttpResponseCodec.decode(W3CHttpResponseCodec.java:53)
	at org.openqa.selenium.remote.HttpCommandExecutor.execute(HttpCommandExecutor.java:193)
	at org.openqa.selenium.remote.service.DriverCommandExecutor.invokeExecute(DriverCommandExecutor.java:183)
	at org.openqa.selenium.remote.service.DriverCommandExecutor.execute(DriverCommandExecutor.java:158)
	at org.openqa.selenium.remote.RemoteWebDriver.execute(RemoteWebDriver.java:543)
	at org.openqa.selenium.remote.ElementLocation$ElementFinder$2.findElement(ElementLocation.java:162)
	at org.openqa.selenium.remote.ElementLocation.findElement(ElementLocation.java:60)
	at org.openqa.selenium.remote.RemoteWebDriver.findElement(RemoteWebDriver.java:352)
	at org.openqa.selenium.remote.RemoteWebDriver.findElement(RemoteWebDriver.java:344)
	at org.openqa.selenium.support.pagefactory.DefaultElementLocator.findElement(DefaultElementLocator.java:70)
	at org.openqa.selenium.support.pagefactory.internal.LocatingElementHandler.invoke(LocatingElementHandler.java:39)
	at jdk.proxy2/jdk.proxy2.$Proxy18.isDisplayed(Unknown Source)
	at org.openqa.selenium.support.ui.ExpectedConditions.elementIfVisible(ExpectedConditions.java:307)
	at org.openqa.selenium.support.ui.ExpectedConditions.access$000(ExpectedConditions.java:40)
	at org.openqa.selenium.support.ui.ExpectedConditions$10.apply(ExpectedConditions.java:293)
	at org.openqa.selenium.support.ui.ExpectedConditions$10.apply(ExpectedConditions.java:290)
	at org.openqa.selenium.support.ui.FluentWait.until(FluentWait.java:208)
	... 30 more
... Removed 32 stack frames</div></td></tr></table><p class="totop"><a href="#summary">back to summary</a></p>
<h3 id="m2">testcases.InventoryPageTest#verifyResetAppStateTest</h3><table class="result"><tr><th>Exception</th></tr><tr><td><div class="stacktrace">java.lang.AssertionError: Testcase failed as remove button is still displayed expected [true] but found [false]
	at testcases.InventoryPageTest.verifyResetAppStateTest(InventoryPageTest.java:197)
	at java.base/java.util.ArrayList.forEach(ArrayList.java:1511)
... Removed 33 stack frames</div></td></tr></table><p class="totop"><a href="#summary">back to summary</a></p>
<h3 id="m3">testcases.BackPackProductPageTest#verifyBackPackThumbnailImgTest</h3><table class="result"><tr><th class="invisible"/></tr></table><p class="totop"><a href="#summary">back to summary</a></p>
<h3 id="m4">testcases.BackPackProductPageTest#verifyBackToProductsButtonTest</h3><table class="result"><tr><th class="invisible"/></tr></table><p class="totop"><a href="#summary">back to summary</a></p>
<h3 id="m5">testcases.CartPageTest#verifyBackpacklinkTest</h3><table class="result"><tr><th class="invisible"/></tr></table><p class="totop"><a href="#summary">back to summary</a></p>
<h3 id="m6">testcases.CartPageTest#verifyBikeLightLink</h3><table class="result"><tr><th class="invisible"/></tr></table><p class="totop"><a href="#summary">back to summary</a></p>
<h3 id="m7">testcases.CartPageTest#verifyContinueShoppingBtnTest</h3><table class="result"><tr><th class="invisible"/></tr></table><p class="totop"><a href="#summary">back to summary</a></p>
<h3 id="m8">testcases.CartPageTest#verifyOrderPriceTest</h3><table class="result"><tr><th class="invisible"/></tr></table><p class="totop"><a href="#summary">back to summary</a></p>
<h3 id="m9">testcases.InventoryPageTest#verifyAboutMenuLinkTest</h3><table class="result"><tr><th class="invisible"/></tr></table><p class="totop"><a href="#summary">back to summary</a></p>
<h3 id="m10">testcases.InventoryPageTest#verifyBackPackTextTest</h3><table class="result"><tr><th class="invisible"/></tr></table><p class="totop"><a href="#summary">back to summary</a></p>
<h3 id="m11">testcases.InventoryPageTest#verifyBackPackThumbnailImgTest</h3><table class="result"><tr><th class="invisible"/></tr></table><p class="totop"><a href="#summary">back to summary</a></p>
<h3 id="m12">testcases.InventoryPageTest#verifyBackpackLinkTest</h3><table class="result"><tr><th class="invisible"/></tr></table><p class="totop"><a href="#summary">back to summary</a></p>
<h3 id="m13">testcases.InventoryPageTest#verifyBikeLightLinkTest</h3><table class="result"><tr><th class="invisible"/></tr></table><p class="totop"><a href="#summary">back to summary</a></p>
<h3 id="m14">testcases.InventoryPageTest#verifyBoltTshirtLinkTest</h3><table class="result"><tr><th class="invisible"/></tr></table><p class="totop"><a href="#summary">back to summary</a></p>
<h3 id="m15">testcases.InventoryPageTest#verifyDropdownTest</h3><table class="result"><tr><th class="invisible"/></tr></table><p class="totop"><a href="#summary">back to summary</a></p>
<h3 id="m16">testcases.InventoryPageTest#verifyFleeceJacketTest</h3><table class="result"><tr><th class="invisible"/></tr></table><p class="totop"><a href="#summary">back to summary</a></p>
<h3 id="m17">testcases.InventoryPageTest#verifyFleeceJacketThumbnailImgTest</h3><table class="result"><tr><th class="invisible"/></tr></table><p class="totop"><a href="#summary">back to summary</a></p>
<h3 id="m18">testcases.InventoryPageTest#verifyMenuCrossButtonTest</h3><table class="result"><tr><th class="invisible"/></tr></table><p class="totop"><a href="#summary">back to summary</a></p>
<h3 id="m19">testcases.InventoryPageTest#verifyTwitterLogoTest</h3><table class="result"><tr><th class="invisible"/></tr></table><p class="totop"><a href="#summary">back to summary</a></p>
<h3 id="m20">testcases.InventoryPageTest#verifylogoutLinkTest</h3><table class="result"><tr><th class="invisible"/></tr></table><p class="totop"><a href="#summary">back to summary</a></p>
</body>
</html>
